{"/Users/reggieross/Desktop/work/marketplace-app/catalog-gql/src/env.ts": {"path":"/Users/reggieross/Desktop/work/marketplace-app/catalog-gql/src/env.ts","statementMap":{"0":{"start":{"line":4,"column":13},"end":{"line":11,"column":2}}},"fnMap":{},"branchMap":{"0":{"loc":{"start":{"line":5,"column":12},"end":{"line":5,"column":28}},"type":"binary-expr","locations":[{"start":{"line":5,"column":12},"end":{"line":5,"column":28}},{"start":{"line":5,"column":32},"end":{"line":5,"column":38}}]},"1":{"loc":{"start":{"line":6,"column":16},"end":{"line":6,"column":55}},"type":"binary-expr","locations":[{"start":{"line":6,"column":16},"end":{"line":6,"column":55}},{"start":{"line":6,"column":59},"end":{"line":6,"column":66}}]},"2":{"loc":{"start":{"line":8,"column":4},"end":{"line":8,"column":37}},"type":"binary-expr","locations":[{"start":{"line":8,"column":4},"end":{"line":8,"column":37}},{"start":{"line":9,"column":4},"end":{"line":9,"column":140}}]}},"s":{"0":4},"f":{},"b":{"0":[4,4],"1":[4,4],"2":[4,4]}}
,"/Users/reggieross/Desktop/work/marketplace-app/catalog-gql/src/GraphQL/AuthDirective.ts": {"path":"/Users/reggieross/Desktop/work/marketplace-app/catalog-gql/src/GraphQL/AuthDirective.ts","statementMap":{"0":{"start":{"line":1,"column":0},"end":{"line":1,"column":55}},"1":{"start":{"line":2,"column":0},"end":{"line":2,"column":47}},"2":{"start":{"line":3,"column":0},"end":{"line":3,"column":68}},"3":{"start":{"line":7,"column":4},"end":{"line":7,"column":35}},"4":{"start":{"line":8,"column":4},"end":{"line":8,"column":48}},"5":{"start":{"line":14,"column":4},"end":{"line":14,"column":49}},"6":{"start":{"line":15,"column":4},"end":{"line":15,"column":49}},"7":{"start":{"line":20,"column":4},"end":{"line":22,"column":null}},"8":{"start":{"line":21,"column":6},"end":{"line":21,"column":13}},"9":{"start":{"line":24,"column":4},"end":{"line":24,"column":41}},"10":{"start":{"line":26,"column":19},"end":{"line":26,"column":41}},"11":{"start":{"line":27,"column":4},"end":{"line":53,"column":7}},"12":{"start":{"line":28,"column":20},"end":{"line":28,"column":37}},"13":{"start":{"line":29,"column":49},"end":{"line":29,"column":54}},"14":{"start":{"line":31,"column":6},"end":{"line":52,"column":8}},"15":{"start":{"line":35,"column":10},"end":{"line":35,"column":65}},"16":{"start":{"line":37,"column":8},"end":{"line":39,"column":null}},"17":{"start":{"line":38,"column":10},"end":{"line":38,"column":43}},"18":{"start":{"line":42,"column":24},"end":{"line":42,"column":31}},"19":{"start":{"line":43,"column":30},"end":{"line":45,"column":null}},"20":{"start":{"line":47,"column":8},"end":{"line":49,"column":null}},"21":{"start":{"line":48,"column":10},"end":{"line":48,"column":44}},"22":{"start":{"line":51,"column":8},"end":{"line":51,"column":41}},"23":{"start":{"line":5,"column":0},"end":{"line":5,"column":13}}},"fnMap":{"0":{"name":"(anonymous_0)","decl":{"start":{"line":6,"column":2},"end":{"line":6,"column":13}},"loc":{"start":{"line":6,"column":18},"end":{"line":9,"column":3}}},"1":{"name":"(anonymous_1)","decl":{"start":{"line":13,"column":2},"end":{"line":13,"column":22}},"loc":{"start":{"line":13,"column":37},"end":{"line":16,"column":3}}},"2":{"name":"(anonymous_2)","decl":{"start":{"line":18,"column":2},"end":{"line":18,"column":21}},"loc":{"start":{"line":18,"column":32},"end":{"line":54,"column":3}}},"3":{"name":"(anonymous_3)","decl":{"start":{"line":27,"column":32},"end":{"line":27,"column":41}},"loc":{"start":{"line":27,"column":44},"end":{"line":53,"column":5}}},"4":{"name":"(anonymous_4)","decl":{"start":{"line":31,"column":22},"end":{"line":31,"column":27}},"loc":{"start":{"line":31,"column":44},"end":{"line":52,"column":7}}}},"branchMap":{"0":{"loc":{"start":{"line":20,"column":4},"end":{"line":22,"column":null}},"type":"if","locations":[{"start":{"line":20,"column":4},"end":{"line":22,"column":null}},{"start":{"line":20,"column":4},"end":{"line":22,"column":null}}]},"1":{"loc":{"start":{"line":29,"column":24},"end":{"line":29,"column":44}},"type":"default-arg","locations":[{"start":{"line":29,"column":24},"end":{"line":29,"column":44}}]},"2":{"loc":{"start":{"line":35,"column":10},"end":{"line":35,"column":33}},"type":"binary-expr","locations":[{"start":{"line":35,"column":10},"end":{"line":35,"column":33}},{"start":{"line":35,"column":37},"end":{"line":35,"column":65}}]},"3":{"loc":{"start":{"line":37,"column":8},"end":{"line":39,"column":null}},"type":"if","locations":[{"start":{"line":37,"column":8},"end":{"line":39,"column":null}},{"start":{"line":37,"column":8},"end":{"line":39,"column":null}}]},"4":{"loc":{"start":{"line":47,"column":8},"end":{"line":49,"column":null}},"type":"if","locations":[{"start":{"line":47,"column":8},"end":{"line":49,"column":null}},{"start":{"line":47,"column":8},"end":{"line":49,"column":null}}]}},"s":{"0":0,"1":0,"2":0,"3":0,"4":0,"5":0,"6":0,"7":0,"8":0,"9":0,"10":0,"11":0,"12":0,"13":0,"14":0,"15":0,"16":0,"17":0,"18":0,"19":0,"20":0,"21":0,"22":0,"23":0},"f":{"0":0,"1":0,"2":0,"3":0,"4":0},"b":{"0":[0,0],"1":[0],"2":[0,0],"3":[0,0],"4":[0,0]}}
,"/Users/reggieross/Desktop/work/marketplace-app/catalog-gql/src/GraphQL/context.ts": {"path":"/Users/reggieross/Desktop/work/marketplace-app/catalog-gql/src/GraphQL/context.ts","statementMap":{"0":{"start":{"line":1,"column":0},"end":{"line":1,"column":68}},"1":{"start":{"line":2,"column":0},"end":{"line":2,"column":70}},"2":{"start":{"line":3,"column":0},"end":{"line":3,"column":59}},"3":{"start":{"line":7,"column":13},"end":{"line":20,"column":2}},"4":{"start":{"line":8,"column":16},"end":{"line":8,"column":44}},"5":{"start":{"line":11,"column":19},"end":{"line":11,"column":21}},"6":{"start":{"line":12,"column":25},"end":{"line":12,"column":53}},"7":{"start":{"line":14,"column":2},"end":{"line":19,"column":4}}},"fnMap":{"0":{"name":"(anonymous_0)","decl":{"start":{"line":7,"column":23},"end":{"line":7,"column":24}},"loc":{"start":{"line":7,"column":35},"end":{"line":20,"column":1}}}},"branchMap":{"0":{"loc":{"start":{"line":8,"column":16},"end":{"line":8,"column":38}},"type":"binary-expr","locations":[{"start":{"line":8,"column":16},"end":{"line":8,"column":38}},{"start":{"line":8,"column":42},"end":{"line":8,"column":44}}]}},"s":{"0":0,"1":0,"2":0,"3":0,"4":0,"5":0,"6":0,"7":0},"f":{"0":0},"b":{"0":[0,0]}}
,"/Users/reggieross/Desktop/work/marketplace-app/catalog-gql/src/GraphQL/index.ts": {"path":"/Users/reggieross/Desktop/work/marketplace-app/catalog-gql/src/GraphQL/index.ts","statementMap":{"0":{"start":{"line":1,"column":0},"end":{"line":1,"column":58}},"1":{"start":{"line":3,"column":0},"end":{"line":3,"column":40}},"2":{"start":{"line":4,"column":0},"end":{"line":4,"column":36}},"3":{"start":{"line":5,"column":0},"end":{"line":5,"column":25}},"4":{"start":{"line":6,"column":0},"end":{"line":6,"column":29}},"5":{"start":{"line":7,"column":0},"end":{"line":7,"column":58}},"6":{"start":{"line":8,"column":0},"end":{"line":8,"column":48}},"7":{"start":{"line":9,"column":0},"end":{"line":9,"column":55}},"8":{"start":{"line":11,"column":15},"end":{"line":13,"column":null}},"9":{"start":{"line":15,"column":17},"end":{"line":17,"column":2}},"10":{"start":{"line":19,"column":19},"end":{"line":21,"column":2}},"11":{"start":{"line":23,"column":22},"end":{"line":28,"column":2}},"12":{"start":{"line":30,"column":0},"end":{"line":30,"column":74}},"13":{"start":{"line":32,"column":13},"end":{"line":37,"column":3}}},"fnMap":{},"branchMap":{},"s":{"0":0,"1":0,"2":0,"3":0,"4":0,"5":0,"6":0,"7":0,"8":0,"9":0,"10":0,"11":0,"12":0,"13":0},"f":{},"b":{}}
,"/Users/reggieross/Desktop/work/marketplace-app/catalog-gql/src/GraphQL/resolvers.ts": {"path":"/Users/reggieross/Desktop/work/marketplace-app/catalog-gql/src/GraphQL/resolvers.ts","statementMap":{"0":{"start":{"line":7,"column":0},"end":{"line":7,"column":68}},"1":{"start":{"line":9,"column":13},"end":{"line":53,"column":2}},"2":{"start":{"line":12,"column":6},"end":{"line":12,"column":35}},"3":{"start":{"line":17,"column":6},"end":{"line":17,"column":43}},"4":{"start":{"line":22,"column":20},"end":{"line":22,"column":56}},"5":{"start":{"line":23,"column":6},"end":{"line":23,"column":23}},"6":{"start":{"line":26,"column":23},"end":{"line":26,"column":73}},"7":{"start":{"line":27,"column":6},"end":{"line":27,"column":22}},"8":{"start":{"line":32,"column":6},"end":{"line":32,"column":61}},"9":{"start":{"line":37,"column":6},"end":{"line":37,"column":29}},"10":{"start":{"line":38,"column":30},"end":{"line":40,"column":null}},"11":{"start":{"line":43,"column":6},"end":{"line":43,"column":54}},"12":{"start":{"line":45,"column":6},"end":{"line":47,"column":null}},"13":{"start":{"line":46,"column":8},"end":{"line":46,"column":34}},"14":{"start":{"line":50,"column":6},"end":{"line":50,"column":31}}},"fnMap":{"0":{"name":"(anonymous_0)","decl":{"start":{"line":11,"column":13},"end":{"line":11,"column":18}},"loc":{"start":{"line":11,"column":34},"end":{"line":13,"column":5}}},"1":{"name":"(anonymous_1)","decl":{"start":{"line":16,"column":13},"end":{"line":16,"column":18}},"loc":{"start":{"line":16,"column":34},"end":{"line":18,"column":5}}},"2":{"name":"(anonymous_2)","decl":{"start":{"line":21,"column":13},"end":{"line":21,"column":18}},"loc":{"start":{"line":21,"column":34},"end":{"line":24,"column":5}}},"3":{"name":"(anonymous_3)","decl":{"start":{"line":25,"column":14},"end":{"line":25,"column":19}},"loc":{"start":{"line":25,"column":45},"end":{"line":28,"column":5}}},"4":{"name":"(anonymous_4)","decl":{"start":{"line":31,"column":11},"end":{"line":31,"column":16}},"loc":{"start":{"line":31,"column":34},"end":{"line":33,"column":5}}},"5":{"name":"(anonymous_5)","decl":{"start":{"line":36,"column":17},"end":{"line":36,"column":22}},"loc":{"start":{"line":36,"column":48},"end":{"line":51,"column":5}}}},"branchMap":{"0":{"loc":{"start":{"line":45,"column":6},"end":{"line":47,"column":null}},"type":"if","locations":[{"start":{"line":45,"column":6},"end":{"line":47,"column":null}},{"start":{"line":45,"column":6},"end":{"line":47,"column":null}}]},"1":{"loc":{"start":{"line":45,"column":10},"end":{"line":45,"column":16}},"type":"binary-expr","locations":[{"start":{"line":45,"column":10},"end":{"line":45,"column":16}},{"start":{"line":45,"column":20},"end":{"line":45,"column":25}}]}},"s":{"0":0,"1":0,"2":0,"3":0,"4":0,"5":0,"6":0,"7":0,"8":0,"9":0,"10":0,"11":0,"12":0,"13":0,"14":0},"f":{"0":0,"1":0,"2":0,"3":0,"4":0,"5":0},"b":{"0":[0,0],"1":[0,0]}}
,"/Users/reggieross/Desktop/work/marketplace-app/catalog-gql/src/GraphQL/dataloaders/categoryDataLoader.ts": {"path":"/Users/reggieross/Desktop/work/marketplace-app/catalog-gql/src/GraphQL/dataloaders/categoryDataLoader.ts","statementMap":{"0":{"start":{"line":1,"column":0},"end":{"line":1,"column":41}},"1":{"start":{"line":4,"column":13},"end":{"line":17,"column":2}},"2":{"start":{"line":5,"column":2},"end":{"line":16,"column":4}},"3":{"start":{"line":7,"column":32},"end":{"line":10,"column":8}},"4":{"start":{"line":11,"column":6},"end":{"line":11,"column":37}},"5":{"start":{"line":11,"column":27},"end":{"line":11,"column":35}}},"fnMap":{"0":{"name":"(anonymous_0)","decl":{"start":{"line":4,"column":34},"end":{"line":4,"column":35}},"loc":{"start":{"line":4,"column":53},"end":{"line":17,"column":1}}},"1":{"name":"(anonymous_1)","decl":{"start":{"line":6,"column":4},"end":{"line":6,"column":9}},"loc":{"start":{"line":6,"column":28},"end":{"line":12,"column":5}}},"2":{"name":"(anonymous_2)","decl":{"start":{"line":11,"column":21},"end":{"line":11,"column":23}},"loc":{"start":{"line":11,"column":27},"end":{"line":11,"column":35}}}},"branchMap":{},"s":{"0":0,"1":0,"2":0,"3":0,"4":0,"5":0},"f":{"0":0,"1":0,"2":0},"b":{}}
,"/Users/reggieross/Desktop/work/marketplace-app/catalog-gql/src/GraphQL/dataloaders/productDataLoader.ts": {"path":"/Users/reggieross/Desktop/work/marketplace-app/catalog-gql/src/GraphQL/dataloaders/productDataLoader.ts","statementMap":{"0":{"start":{"line":1,"column":0},"end":{"line":1,"column":41}},"1":{"start":{"line":4,"column":13},"end":{"line":17,"column":2}},"2":{"start":{"line":8,"column":2},"end":{"line":16,"column":4}},"3":{"start":{"line":10,"column":23},"end":{"line":10,"column":66}},"4":{"start":{"line":11,"column":6},"end":{"line":11,"column":49}},"5":{"start":{"line":11,"column":27},"end":{"line":11,"column":47}}},"fnMap":{"0":{"name":"(anonymous_0)","decl":{"start":{"line":4,"column":33},"end":{"line":4,"column":null}},"loc":{"start":{"line":7,"column":4},"end":{"line":17,"column":1}}},"1":{"name":"(anonymous_1)","decl":{"start":{"line":9,"column":4},"end":{"line":9,"column":9}},"loc":{"start":{"line":9,"column":28},"end":{"line":12,"column":5}}},"2":{"name":"(anonymous_2)","decl":{"start":{"line":11,"column":21},"end":{"line":11,"column":23}},"loc":{"start":{"line":11,"column":27},"end":{"line":11,"column":47}}}},"branchMap":{"0":{"loc":{"start":{"line":11,"column":27},"end":{"line":11,"column":39}},"type":"binary-expr","locations":[{"start":{"line":11,"column":27},"end":{"line":11,"column":39}},{"start":{"line":11,"column":43},"end":{"line":11,"column":47}}]}},"s":{"0":0,"1":0,"2":0,"3":0,"4":0,"5":0},"f":{"0":0,"1":0,"2":0},"b":{"0":[0,0]}}
,"/Users/reggieross/Desktop/work/marketplace-app/catalog-gql/src/GraphQL/generated/resolvers.ts": {"path":"/Users/reggieross/Desktop/work/marketplace-app/catalog-gql/src/GraphQL/generated/resolvers.ts","statementMap":{"0":{"start":{"line":42,"column":0},"end":{"line":42,"column":null}},"1":{"start":{"line":43,"column":2},"end":{"line":43,"column":null}},"2":{"start":{"line":44,"column":2},"end":{"line":44,"column":null}},"3":{"start":{"line":45,"column":2},"end":{"line":45,"column":null}},"4":{"start":{"line":105,"column":0},"end":{"line":105,"column":null}},"5":{"start":{"line":106,"column":2},"end":{"line":106,"column":null}},"6":{"start":{"line":107,"column":2},"end":{"line":107,"column":null}},"7":{"start":{"line":108,"column":2},"end":{"line":108,"column":null}},"8":{"start":{"line":109,"column":2},"end":{"line":109,"column":null}}},"fnMap":{"0":{"name":"(anonymous_0)","decl":{"start":{"line":42,"column":0},"end":{"line":42,"column":12}},"loc":{"start":{"line":42,"column":17},"end":{"line":46,"column":1}}},"1":{"name":"(anonymous_1)","decl":{"start":{"line":105,"column":0},"end":{"line":105,"column":12}},"loc":{"start":{"line":105,"column":16},"end":{"line":110,"column":1}}}},"branchMap":{"0":{"loc":{"start":{"line":42,"column":12},"end":{"line":42,"column":17}},"type":"binary-expr","locations":[{"start":{"line":42,"column":12},"end":{"line":42,"column":17}},{"start":{"line":42,"column":12},"end":{"line":42,"column":null}}]},"1":{"loc":{"start":{"line":105,"column":12},"end":{"line":105,"column":16}},"type":"binary-expr","locations":[{"start":{"line":105,"column":12},"end":{"line":105,"column":16}},{"start":{"line":105,"column":12},"end":{"line":105,"column":null}}]}},"s":{"0":6,"1":6,"2":6,"3":6,"4":6,"5":6,"6":6,"7":6,"8":6},"f":{"0":6,"1":6},"b":{"0":[6,6],"1":[6,6]}}
,"/Users/reggieross/Desktop/work/marketplace-app/catalog-gql/src/Service/CatalogService.ts": {"path":"/Users/reggieross/Desktop/work/marketplace-app/catalog-gql/src/Service/CatalogService.ts","statementMap":{"0":{"start":{"line":1,"column":0},"end":{"line":1,"column":67}},"1":{"start":{"line":4,"column":0},"end":{"line":4,"column":63}},"2":{"start":{"line":5,"column":0},"end":{"line":5,"column":63}},"3":{"start":{"line":19,"column":2},"end":{"line":21,"column":4}},"4":{"start":{"line":20,"column":4},"end":{"line":20,"column":54}},"5":{"start":{"line":23,"column":2},"end":{"line":25,"column":4}},"6":{"start":{"line":24,"column":4},"end":{"line":24,"column":38}},"7":{"start":{"line":27,"column":2},"end":{"line":29,"column":4}},"8":{"start":{"line":28,"column":4},"end":{"line":28,"column":62}},"9":{"start":{"line":14,"column":4},"end":{"line":14,"column":41}},"10":{"start":{"line":15,"column":4},"end":{"line":15,"column":37}},"11":{"start":{"line":16,"column":4},"end":{"line":16,"column":38}},"12":{"start":{"line":9,"column":0},"end":{"line":9,"column":13}}},"fnMap":{"0":{"name":"(anonymous_0)","decl":{"start":{"line":13,"column":2},"end":{"line":13,"column":14}},"loc":{"start":{"line":13,"column":26},"end":{"line":17,"column":3}}},"1":{"name":"(anonymous_1)","decl":{"start":{"line":19,"column":23},"end":{"line":19,"column":24}},"loc":{"start":{"line":19,"column":68},"end":{"line":21,"column":3}}},"2":{"name":"(anonymous_2)","decl":{"start":{"line":23,"column":14},"end":{"line":23,"column":35}},"loc":{"start":{"line":23,"column":37},"end":{"line":25,"column":3}}},"3":{"name":"(anonymous_3)","decl":{"start":{"line":27,"column":24},"end":{"line":27,"column":25}},"loc":{"start":{"line":27,"column":73},"end":{"line":29,"column":3}}}},"branchMap":{},"s":{"0":1,"1":1,"2":1,"3":1,"4":1,"5":1,"6":1,"7":1,"8":1,"9":1,"10":1,"11":1,"12":1},"f":{"0":1,"1":1,"2":1,"3":1},"b":{}}
,"/Users/reggieross/Desktop/work/marketplace-app/catalog-gql/src/Service/repository/BrandRepository.ts": {"path":"/Users/reggieross/Desktop/work/marketplace-app/catalog-gql/src/Service/repository/BrandRepository.ts","statementMap":{"0":{"start":{"line":2,"column":0},"end":{"line":2,"column":40}},"1":{"start":{"line":9,"column":18},"end":{"line":11,"column":1}},"2":{"start":{"line":10,"column":2},"end":{"line":10,"column":27}},"3":{"start":{"line":13,"column":13},"end":{"line":15,"column":2}}},"fnMap":{"0":{"name":"(anonymous_0)","decl":{"start":{"line":9,"column":18},"end":{"line":9,"column":23}},"loc":{"start":{"line":9,"column":29},"end":{"line":11,"column":1}}}},"branchMap":{},"s":{"0":2,"1":2,"2":2,"3":2},"f":{"0":2},"b":{}}
,"/Users/reggieross/Desktop/work/marketplace-app/catalog-gql/src/Service/repository/PriceRepository.ts": {"path":"/Users/reggieross/Desktop/work/marketplace-app/catalog-gql/src/Service/repository/PriceRepository.ts","statementMap":{"0":{"start":{"line":2,"column":0},"end":{"line":2,"column":42}},"1":{"start":{"line":8,"column":25},"end":{"line":11,"column":1}},"2":{"start":{"line":9,"column":18},"end":{"line":9,"column":45}},"3":{"start":{"line":10,"column":2},"end":{"line":10,"column":36}},"4":{"start":{"line":13,"column":13},"end":{"line":15,"column":2}}},"fnMap":{"0":{"name":"(anonymous_0)","decl":{"start":{"line":8,"column":25},"end":{"line":8,"column":30}},"loc":{"start":{"line":8,"column":53},"end":{"line":11,"column":1}}}},"branchMap":{},"s":{"0":2,"1":2,"2":2,"3":2,"4":2},"f":{"0":2},"b":{}}
,"/Users/reggieross/Desktop/work/marketplace-app/catalog-gql/src/Service/repository/ProductRepository.ts": {"path":"/Users/reggieross/Desktop/work/marketplace-app/catalog-gql/src/Service/repository/ProductRepository.ts","statementMap":{"0":{"start":{"line":2,"column":0},"end":{"line":2,"column":46}},"1":{"start":{"line":9,"column":27},"end":{"line":11,"column":1}},"2":{"start":{"line":10,"column":2},"end":{"line":10,"column":32}},"3":{"start":{"line":13,"column":13},"end":{"line":15,"column":2}}},"fnMap":{"0":{"name":"(anonymous_0)","decl":{"start":{"line":9,"column":27},"end":{"line":9,"column":32}},"loc":{"start":{"line":9,"column":58},"end":{"line":11,"column":1}}}},"branchMap":{},"s":{"0":2,"1":2,"2":2,"3":2},"f":{"0":2},"b":{}}
,"/Users/reggieross/Desktop/work/marketplace-app/catalog-gql/src/client/AuthorizationClient.ts": {"path":"/Users/reggieross/Desktop/work/marketplace-app/catalog-gql/src/client/AuthorizationClient.ts","statementMap":{"0":{"start":{"line":2,"column":0},"end":{"line":2,"column":38}},"1":{"start":{"line":4,"column":24},"end":{"line":9,"column":1}},"2":{"start":{"line":5,"column":20},"end":{"line":5,"column":44}},"3":{"start":{"line":6,"column":2},"end":{"line":8,"column":58}},"4":{"start":{"line":11,"column":20},"end":{"line":14,"column":1}},"5":{"start":{"line":13,"column":2},"end":{"line":13,"column":23}},"6":{"start":{"line":16,"column":13},"end":{"line":16,"column":55}}},"fnMap":{"0":{"name":"(anonymous_0)","decl":{"start":{"line":4,"column":24},"end":{"line":4,"column":25}},"loc":{"start":{"line":4,"column":74},"end":{"line":9,"column":1}}},"1":{"name":"(anonymous_1)","decl":{"start":{"line":11,"column":20},"end":{"line":11,"column":21}},"loc":{"start":{"line":11,"column":57},"end":{"line":14,"column":1}}}},"branchMap":{"0":{"loc":{"start":{"line":7,"column":6},"end":{"line":7,"column":10}},"type":"cond-expr","locations":[{"start":{"line":7,"column":6},"end":{"line":7,"column":10}},{"start":{"line":8,"column":6},"end":{"line":8,"column":57}}]}},"s":{"0":0,"1":0,"2":0,"3":0,"4":0,"5":0,"6":0},"f":{"0":0,"1":0},"b":{"0":[0,0]}}
}
